Using pre-set license
Built from '2020.2/staging' branch; Version is '2020.2.7f1 (c53830e277f1) revision 12924976'; Using compiler version '192528614'; Build Type 'Release'
OS: 'Windows 10 Home Single Language; OS build 18363.592; Version 1909; 64bit' Language: 'en' Physical Memory: 8072 MB
BatchMode: 1, IsHumanControllingUs: 0, StartBugReporterOnCrash: 0, Is64bit: 1, IsPro: 0

 COMMAND LINE ARGUMENTS:
C:\Program Files\Unity\Editor\Unity.exe
-adb2
-batchMode
-noUpm
-name
AssetImportWorker0
-projectPath
D:/TI/SEMESTER 6/KOMPUTASI MULTIMEDIA/MINGGU 7/prak123
-logFile
Logs/AssetImportWorker0.log
-srvPort
50342
Successfully changed project path to: D:/TI/SEMESTER 6/KOMPUTASI MULTIMEDIA/MINGGU 7/prak123
D:/TI/SEMESTER 6/KOMPUTASI MULTIMEDIA/MINGGU 7/prak123
Using Asset Import Pipeline V2.
Refreshing native plugins compatible for Editor in 33.86 ms, found 0 plugins.
Preloading 0 native plugins for Editor in 0.00 ms.
Initialize engine version: 2020.2.7f1 (c53830e277f1)
[Subsystems] Discovering subsystems at path C:/Program Files/Unity/Editor/Data/Resources/UnitySubsystems
[Subsystems] Discovering subsystems at path D:/TI/SEMESTER 6/KOMPUTASI MULTIMEDIA/MINGGU 7/prak123/Assets
GfxDevice: creating device client; threaded=0
Direct3D:
    Version:  Direct3D 11.0 [level 11.0]
    Renderer: NVIDIA GeForce 930MX (ID=0x134e)
    Vendor:   
    VRAM:     2010 MB
    Driver:   24.21.13.9764
Initialize mono
Mono path[0] = 'C:/Program Files/Unity/Editor/Data/Managed'
Mono path[1] = 'C:/Program Files/Unity/Editor/Data/MonoBleedingEdge/lib/mono/unityjit'
Mono config path = 'C:/Program Files/Unity/Editor/Data/MonoBleedingEdge/etc'
Using monoOptions --debugger-agent=transport=dt_socket,embedding=1,server=y,suspend=n,address=127.0.0.1:56312
Begin MonoManager ReloadAssembly
Registering precompiled unity dll's ...
Register platform support module: C:/Program Files/Unity/Editor/Data/PlaybackEngines/WindowsStandaloneSupport/UnityEditor.WindowsStandalone.Extensions.dll
Registered in 0.002167 seconds.
Native extension for WindowsStandalone target not found
Refreshing native plugins compatible for Editor in 34.95 ms, found 0 plugins.
Preloading 0 native plugins for Editor in 0.00 ms.
Invoked RoslynAnalysisRunner static constructor.
RoslynAnalysisRunner will not be running.
RoslynAnalysisRunner has terminated.
Mono: successfully reloaded assembly
- Completed reload, in  1.377 seconds
Platform modules already initialized, skipping
Registering precompiled user dll's ...
Registered in 0.000764 seconds.
Begin MonoManager ReloadAssembly
Native extension for WindowsStandalone target not found
Refreshing native plugins compatible for Editor in 0.23 ms, found 0 plugins.
Preloading 0 native plugins for Editor in 0.00 ms.
Invoked RoslynAnalysisRunner static constructor.
RoslynAnalysisRunner will not be running.
RoslynAnalysisRunner has terminated.
Mono: successfully reloaded assembly
- Completed reload, in  1.264 seconds
Platform modules already initialized, skipping
========================================================================
Worker process is ready to serve import requests
Launched and connected shader compiler UnityShaderCompiler.exe after 0.06 seconds
Refreshing native plugins compatible for Editor in 0.33 ms, found 0 plugins.
Preloading 0 native plugins for Editor in 0.00 ms.
Unloading 1126 Unused Serialized files (Serialized files now loaded: 0)
System memory in use before: 57.2 MB.
System memory in use after: 57.3 MB.

Unloading 10 unused Assets to reduce memory usage. Loaded Objects now: 1568.
Total: 2.719200 ms (FindLiveObjects: 0.213900 ms CreateObjectMapping: 0.074400 ms MarkObjects: 2.318500 ms  DeleteObjects: 0.110500 ms)

========================================================================
Received Import Request.
  path: Assets/monitor.fbx
  artifactKey: Guid(ab7a392d5b4626c448146cffe5408908) Importer(815301076,1909f56bfc062723c751e8b465ee728b)
Start importing Assets/monitor.fbx using Guid(ab7a392d5b4626c448146cffe5408908) Importer(815301076,1909f56bfc062723c751e8b465ee728b)  -> (artifact id: 'ec8e37edf34bcac213be93333a864f1b') in 0.560265 seconds
  Import took 0.563385 seconds .

========================================================================
Received Import Request.
  Time since last request: 0.000271 seconds.
  path: Assets/Multipurpose Camera Rig.prefab
  artifactKey: Guid(8bf90ed7e7e73c847b73acff85bda1b3) Importer(815301076,1909f56bfc062723c751e8b465ee728b)
Start importing Assets/Multipurpose Camera Rig.prefab using Guid(8bf90ed7e7e73c847b73acff85bda1b3) Importer(815301076,1909f56bfc062723c751e8b465ee728b)  -> (artifact id: 'c20425f4643cf99730fbd89505b18df5') in 0.016442 seconds
  Import took 0.019330 seconds .

========================================================================
Received Import Request.
  Time since last request: 0.000208 seconds.
  path: Assets/book@T-Pose.fbx
  artifactKey: Guid(e56c9b71c23b06a44b59588954c3591a) Importer(815301076,1909f56bfc062723c751e8b465ee728b)
Start importing Assets/book@T-Pose.fbx using Guid(e56c9b71c23b06a44b59588954c3591a) Importer(815301076,1909f56bfc062723c751e8b465ee728b)  -> (artifact id: 'd4807894d09fe1cc646377843f533fc3') in 0.395960 seconds
  Import took 0.400596 seconds .

========================================================================
Received Import Request.
  Time since last request: 0.000258 seconds.
  path: Assets/BodyMask.mask
  artifactKey: Guid(e6992addfc16e684ab7a9722e7804b04) Importer(815301076,1909f56bfc062723c751e8b465ee728b)
Start importing Assets/BodyMask.mask using Guid(e6992addfc16e684ab7a9722e7804b04) Importer(815301076,1909f56bfc062723c751e8b465ee728b)  -> (artifact id: '1850e6a8814039fd45ecd74f9f6f7c24') in 0.016369 seconds
  Import took 0.019922 seconds .

========================================================================
Received Import Request.
  Time since last request: 0.000241 seconds.
  path: Assets/compassMask.png
  artifactKey: Guid(63b71e4c9cac04a47a496934d8cb20cd) Importer(815301076,1909f56bfc062723c751e8b465ee728b)
Start importing Assets/compassMask.png using Guid(63b71e4c9cac04a47a496934d8cb20cd) Importer(815301076,1909f56bfc062723c751e8b465ee728b)  -> (artifact id: 'cb17232d40d0516a949f4e2799e56429') in 0.068148 seconds
  Import took 0.071174 seconds .

========================================================================
Received Import Request.
  Time since last request: 0.000216 seconds.
  path: Assets/Swat@strafe_2.fbx
  artifactKey: Guid(a70b123e13acd894db22cd2b1f691b18) Importer(815301076,1909f56bfc062723c751e8b465ee728b)
Start importing Assets/Swat@strafe_2.fbx using Guid(a70b123e13acd894db22cd2b1f691b18) Importer(815301076,1909f56bfc062723c751e8b465ee728b)  -> (artifact id: 'ef91854b522d61728a53662dcaddc278') in 0.016312 seconds
  Import took 0.020092 seconds .

========================================================================
Received Import Request.
  Time since last request: 0.000236 seconds.
  path: Assets/Swat@rifle_jump.fbx
  artifactKey: Guid(a1b406e12439525448ae73f1c41edf84) Importer(815301076,1909f56bfc062723c751e8b465ee728b)
Start importing Assets/Swat@rifle_jump.fbx using Guid(a1b406e12439525448ae73f1c41edf84) Importer(815301076,1909f56bfc062723c751e8b465ee728b)  -> (artifact id: 'eec39090b268b972d7d715de6249f8cb') in 0.016889 seconds
  Import took 0.025937 seconds .

========================================================================
Received Import Request.
  Time since last request: 0.000089 seconds.
  path: Assets/Swat@strafe.fbx
  artifactKey: Guid(11a369a0493aca541a78cbb821eed9a8) Importer(815301076,1909f56bfc062723c751e8b465ee728b)
Start importing Assets/Swat@strafe.fbx using Guid(11a369a0493aca541a78cbb821eed9a8) Importer(815301076,1909f56bfc062723c751e8b465ee728b)  -> (artifact id: '571b44c3dd22221b4b9e13cb2bb0436d') in 0.037809 seconds
  Import took 0.043440 seconds .

========================================================================
Received Import Request.
  Time since last request: 0.000096 seconds.
  path: Assets/Swat@rifle_run.fbx
  artifactKey: Guid(e21c3d457ba8d10458bb4ff614dd8d6a) Importer(815301076,1909f56bfc062723c751e8b465ee728b)
Start importing Assets/Swat@rifle_run.fbx using Guid(e21c3d457ba8d10458bb4ff614dd8d6a) Importer(815301076,1909f56bfc062723c751e8b465ee728b)  -> (artifact id: '4703955d36dff56c763433e77913f8b2') in 0.017056 seconds
  Import took 0.021021 seconds .

========================================================================
Received Import Request.
  Time since last request: 0.000238 seconds.
  path: Assets/spawnpointmaterial.mat
  artifactKey: Guid(bf8d08b2e7d012b488310740415de8c5) Importer(815301076,1909f56bfc062723c751e8b465ee728b)
Start importing Assets/spawnpointmaterial.mat using Guid(bf8d08b2e7d012b488310740415de8c5) Importer(815301076,1909f56bfc062723c751e8b465ee728b)  -> (artifact id: '8ef68654f0f1e9f2720df9ad17b71b12') in 0.189174 seconds
  Import took 0.192404 seconds .

========================================================================
Received Import Request.
  Time since last request: 0.000215 seconds.
  path: Assets/LandmineMaterial.mat
  artifactKey: Guid(a0052e7c78e5d304a86f5d7486fcef89) Importer(815301076,1909f56bfc062723c751e8b465ee728b)
Start importing Assets/LandmineMaterial.mat using Guid(a0052e7c78e5d304a86f5d7486fcef89) Importer(815301076,1909f56bfc062723c751e8b465ee728b)  -> (artifact id: '9505b2743054dc6bd910ff55c9a82545') in 0.027699 seconds
  Import took 0.031007 seconds .

========================================================================
Received Import Request.
  Time since last request: 0.000289 seconds.
  path: Assets/compassMarker.png
  artifactKey: Guid(54517fe134aa7b944ae5e93935169c46) Importer(815301076,1909f56bfc062723c751e8b465ee728b)
Start importing Assets/compassMarker.png using Guid(54517fe134aa7b944ae5e93935169c46) Importer(815301076,1909f56bfc062723c751e8b465ee728b)  -> (artifact id: 'ce1a5943e829410e5e25dbdba303af3c') in 0.032870 seconds
  Import took 0.038444 seconds .

========================================================================
Received Import Request.
  Time since last request: 0.000476 seconds.
  path: Assets/Swat@strafe_right.fbx
  artifactKey: Guid(1f4043c75610dff4488a555e69ec64f5) Importer(815301076,1909f56bfc062723c751e8b465ee728b)
Start importing Assets/Swat@strafe_right.fbx using Guid(1f4043c75610dff4488a555e69ec64f5) Importer(815301076,1909f56bfc062723c751e8b465ee728b)  -> (artifact id: '6aea85638f8611323ba8c24b9d382d8d') in 0.017870 seconds
  Import took 0.022646 seconds .

========================================================================
Received Import Request.
  Time since last request: 0.000331 seconds.
  path: Assets/Swat@rifle_aiming_idle.fbx
  artifactKey: Guid(a1c76269cbf78cf439548a2151075fef) Importer(815301076,1909f56bfc062723c751e8b465ee728b)
Start importing Assets/Swat@rifle_aiming_idle.fbx using Guid(a1c76269cbf78cf439548a2151075fef) Importer(815301076,1909f56bfc062723c751e8b465ee728b)  -> (artifact id: '5cb9d5feb45370ea131dfd4a36902645') in 0.020478 seconds
  Import took 0.024779 seconds .

========================================================================
Received Import Request.
  Time since last request: 0.000260 seconds.
  path: Assets/MsLaser.prefab
  artifactKey: Guid(efdfa771c04de8c4c8d16172bb8560ec) Importer(815301076,1909f56bfc062723c751e8b465ee728b)
Start importing Assets/MsLaser.prefab using Guid(efdfa771c04de8c4c8d16172bb8560ec) Importer(815301076,1909f56bfc062723c751e8b465ee728b)  -> (artifact id: '137fee8510c9c569dfcca5f02e4ebf3a') in 0.070160 seconds
  Import took 0.074471 seconds .

========================================================================
Received Import Request.
  Time since last request: 0.000237 seconds.
  path: Assets/Swat@run_backwards.fbx
  artifactKey: Guid(2d18c4d658319e84f8ce7e43c80c53a5) Importer(815301076,1909f56bfc062723c751e8b465ee728b)
Start importing Assets/Swat@run_backwards.fbx using Guid(2d18c4d658319e84f8ce7e43c80c53a5) Importer(815301076,1909f56bfc062723c751e8b465ee728b)  -> (artifact id: 'f5efa2af6eeee3beb9ada6331f868780') in 0.017986 seconds
  Import took 0.022225 seconds .

========================================================================
Received Import Request.
  Time since last request: 0.000260 seconds.
  path: Assets/Swat@strafe_left.fbx
  artifactKey: Guid(a828f2d3f3d32b146888000308d2d1f9) Importer(815301076,1909f56bfc062723c751e8b465ee728b)
Start importing Assets/Swat@strafe_left.fbx using Guid(a828f2d3f3d32b146888000308d2d1f9) Importer(815301076,1909f56bfc062723c751e8b465ee728b)  -> (artifact id: 'd2da2b902b7a1f91ce585103e4fe9649') in 0.016585 seconds
  Import took 0.020517 seconds .

========================================================================
Received Import Request.
  Time since last request: 0.000085 seconds.
  path: Assets/EasterEgg.prefab
  artifactKey: Guid(d7fd55f2ba0273f4384585bf98b2b693) Importer(815301076,1909f56bfc062723c751e8b465ee728b)
Start importing Assets/EasterEgg.prefab using Guid(d7fd55f2ba0273f4384585bf98b2b693) Importer(815301076,1909f56bfc062723c751e8b465ee728b)  -> (artifact id: '37ece79d3f8a3c8898351f79f88dd7ad') in 0.030974 seconds
  Import took 0.035814 seconds .

========================================================================
Received Import Request.
  Time since last request: 0.000264 seconds.
  path: Assets/Swat@firing_rifle.fbx
  artifactKey: Guid(14b233970047feb4980202b700b3a0ee) Importer(815301076,1909f56bfc062723c751e8b465ee728b)
Start importing Assets/Swat@firing_rifle.fbx using Guid(14b233970047feb4980202b700b3a0ee) Importer(815301076,1909f56bfc062723c751e8b465ee728b)  -> (artifact id: '3b1d11de6ed8e4408239e1e941ba1ca6') in 0.019106 seconds
  Import took 0.023606 seconds .

========================================================================
Received Import Request.
  Time since last request: 0.000267 seconds.
  path: Assets/camera.fbx
  artifactKey: Guid(49d2e35f351c05546b94b688aaf4d1bf) Importer(815301076,1909f56bfc062723c751e8b465ee728b)
Start importing Assets/camera.fbx using Guid(49d2e35f351c05546b94b688aaf4d1bf) Importer(815301076,1909f56bfc062723c751e8b465ee728b)  -> (artifact id: 'd9a5d98c942a01187df5611e5efb595b') in 0.061460 seconds
  Import took 0.065901 seconds .

========================================================================
Received Import Request.
  Time since last request: 0.000251 seconds.
  path: Assets/Screen.renderTexture
  artifactKey: Guid(264b307e677026a41b34fde6d56addc8) Importer(815301076,1909f56bfc062723c751e8b465ee728b)
Start importing Assets/Screen.renderTexture using Guid(264b307e677026a41b34fde6d56addc8) Importer(815301076,1909f56bfc062723c751e8b465ee728b)  -> (artifact id: 'b23910becc1837f573c877801513372a') in 0.030362 seconds
  Import took 0.033510 seconds .

========================================================================
Received Import Request.
  Time since last request: 0.000721 seconds.
  path: Assets/Swat@turning_right_45_degrees.fbx
  artifactKey: Guid(15c6c2b7b68de394690741d98c5a67f9) Importer(815301076,1909f56bfc062723c751e8b465ee728b)
Start importing Assets/Swat@turning_right_45_degrees.fbx using Guid(15c6c2b7b68de394690741d98c5a67f9) Importer(815301076,1909f56bfc062723c751e8b465ee728b)  -> (artifact id: 'fef226046e7861703c646f5add832972') in 0.018472 seconds
  Import took 0.022197 seconds .

========================================================================
Received Import Request.
  Time since last request: 0.000383 seconds.
  path: Assets/Swat@toss_grenade.fbx
  artifactKey: Guid(fdbca0f3fad189043a7c5b05ce2af7f3) Importer(815301076,1909f56bfc062723c751e8b465ee728b)
Start importing Assets/Swat@toss_grenade.fbx using Guid(fdbca0f3fad189043a7c5b05ce2af7f3) Importer(815301076,1909f56bfc062723c751e8b465ee728b)  -> (artifact id: '99a832ef7578d31a2c8d125c141584fb') in 0.020880 seconds
  Import took 0.025333 seconds .

========================================================================
Received Import Request.
  Time since last request: 0.000241 seconds.
  path: Assets/crossAim.png
  artifactKey: Guid(79e61bfa7e597da4c9e28d67ea19fe16) Importer(815301076,1909f56bfc062723c751e8b465ee728b)
Start importing Assets/crossAim.png using Guid(79e61bfa7e597da4c9e28d67ea19fe16) Importer(815301076,1909f56bfc062723c751e8b465ee728b)  -> (artifact id: '29b3b9f30dd0ee5c99bcdbe4e5f6bce3') in 0.027609 seconds
  Import took 0.031458 seconds .

========================================================================
Received Import Request.
  Time since last request: 0.000470 seconds.
  path: Assets/EasterEggMaterial.mat
  artifactKey: Guid(63ffb56566b502f498c312f3b8009557) Importer(815301076,1909f56bfc062723c751e8b465ee728b)
Start importing Assets/EasterEggMaterial.mat using Guid(63ffb56566b502f498c312f3b8009557) Importer(815301076,1909f56bfc062723c751e8b465ee728b)  -> (artifact id: '9d66bec435f179f2f93ecdaa240bc1cb') in 0.030922 seconds
  Import took 0.034507 seconds .

========================================================================
Received Import Request.
  Time since last request: 0.000260 seconds.
  path: Assets/Compass.png
  artifactKey: Guid(7a162476fccfa4f4abf8f41e90aac0af) Importer(815301076,1909f56bfc062723c751e8b465ee728b)
Start importing Assets/Compass.png using Guid(7a162476fccfa4f4abf8f41e90aac0af) Importer(815301076,1909f56bfc062723c751e8b465ee728b)  -> (artifact id: 'a92610d166b74ee999ed5015f589a0b1') in 0.029949 seconds
  Import took 0.032305 seconds .

========================================================================
Received Import Request.
  Time since last request: 0.000231 seconds.
  path: Assets/easteregg_diff.png
  artifactKey: Guid(92df1d25c8725524ba6fef2066ecacfb) Importer(815301076,1909f56bfc062723c751e8b465ee728b)
Start importing Assets/easteregg_diff.png using Guid(92df1d25c8725524ba6fef2066ecacfb) Importer(815301076,1909f56bfc062723c751e8b465ee728b)  -> (artifact id: 'a5ebde3aede71caf1f404c0d94331e36') in 0.023862 seconds
  Import took 0.027264 seconds .

========================================================================
Received Import Request.
  Time since last request: 0.000246 seconds.
  path: Assets/Landmine.prefab
  artifactKey: Guid(2b469f50b5045ed4686abe5349aa212a) Importer(815301076,1909f56bfc062723c751e8b465ee728b)
Start importing Assets/Landmine.prefab using Guid(2b469f50b5045ed4686abe5349aa212a) Importer(815301076,1909f56bfc062723c751e8b465ee728b)  -> (artifact id: '2939758d1beef9dc67b860913593c68d') in 0.055968 seconds
  Import took 0.060748 seconds .

========================================================================
Received Import Request.
  Time since last request: 0.000302 seconds.
  path: Assets/Spawnpoint.prefab
  artifactKey: Guid(dbc2d4f80fd071445ba73f7b44eb55b5) Importer(815301076,1909f56bfc062723c751e8b465ee728b)
Start importing Assets/Spawnpoint.prefab using Guid(dbc2d4f80fd071445ba73f7b44eb55b5) Importer(815301076,1909f56bfc062723c751e8b465ee728b)  -> (artifact id: '9ec58dcc1227f7099899b8c049e48427') in 0.027984 seconds
  Import took 0.033808 seconds .

========================================================================
Received Import Request.
  Time since last request: 0.000360 seconds.
  path: Assets/Map_Render.renderTexture
  artifactKey: Guid(c2753c2e8394c394ab24fba3ad5de808) Importer(815301076,1909f56bfc062723c751e8b465ee728b)
Start importing Assets/Map_Render.renderTexture using Guid(c2753c2e8394c394ab24fba3ad5de808) Importer(815301076,1909f56bfc062723c751e8b465ee728b)  -> (artifact id: 'd7c2e99b26bef9829216340ac94998ad') in 0.018855 seconds
  Import took 0.022777 seconds .

========================================================================
Received Import Request.
  Time since last request: 0.000103 seconds.
  path: Assets/Swat@turn_left.fbx
  artifactKey: Guid(e18decdd223f5aa4e9b9cff4c2876b41) Importer(815301076,1909f56bfc062723c751e8b465ee728b)
Start importing Assets/Swat@turn_left.fbx using Guid(e18decdd223f5aa4e9b9cff4c2876b41) Importer(815301076,1909f56bfc062723c751e8b465ee728b)  -> (artifact id: 'e2c6ad0170e6c717e737a09bdf061f7c') in 0.020438 seconds
  Import took 0.024296 seconds .

========================================================================
Received Import Request.
  Time since last request: 1.131255 seconds.
  path: Assets/BasicSceneSettings.lighting
  artifactKey: Guid(7be0117998f4d462286499af80b3490c) Importer(815301076,1909f56bfc062723c751e8b465ee728b)
Start importing Assets/BasicSceneSettings.lighting using Guid(7be0117998f4d462286499af80b3490c) Importer(815301076,1909f56bfc062723c751e8b465ee728b) LightingSettings: switching bake backend from 1 to 0.
 -> (artifact id: '4ad349b0796c5987501f38e8350b95e8') in 0.011879 seconds
  Import took 0.015085 seconds .

========================================================================
Received Import Request.
  Time since last request: 0.038895 seconds.
  path: Assets/BasicSceneSettings.lighting
  artifactKey: Guid(7be0117998f4d462286499af80b3490c) Importer(815301076,1909f56bfc062723c751e8b465ee728b)
Start importing Assets/BasicSceneSettings.lighting using Guid(7be0117998f4d462286499af80b3490c) Importer(815301076,1909f56bfc062723c751e8b465ee728b) LightingSettings: switching bake backend from 1 to 0.
 -> (artifact id: '4ad349b0796c5987501f38e8350b95e8') in 0.003577 seconds
  Import took 0.006480 seconds .

========================================================================
Received Import Request.
  Time since last request: 8.377115 seconds.
  path: Assets/BasicScane2.unity
  artifactKey: Guid(53c1a23d9fe9f4ac6837e8869c3cf8d4) Importer(815301076,1909f56bfc062723c751e8b465ee728b)
Start importing Assets/BasicScane2.unity using Guid(53c1a23d9fe9f4ac6837e8869c3cf8d4) Importer(815301076,1909f56bfc062723c751e8b465ee728b)  -> (artifact id: 'c6007efd2859ead0b71eb8324ab83b16') in 0.009703 seconds
  Import took 0.013249 seconds .

========================================================================
Received Import Request.
  Time since last request: 2.810715 seconds.
  path: Assets/BasicScane3.unity
  artifactKey: Guid(3604c3d567b03403eb0ca5a839353eef) Importer(815301076,1909f56bfc062723c751e8b465ee728b)
Start importing Assets/BasicScane3.unity using Guid(3604c3d567b03403eb0ca5a839353eef) Importer(815301076,1909f56bfc062723c751e8b465ee728b)  -> (artifact id: 'de30980f664eece324fcc03390f291c5') in 0.012370 seconds
  Import took 0.023821 seconds .

========================================================================
Received Import Request.
  Time since last request: 0.014050 seconds.
  path: Assets/BasicScane3.unity
  artifactKey: Guid(3604c3d567b03403eb0ca5a839353eef) Importer(815301076,1909f56bfc062723c751e8b465ee728b)
Start importing Assets/BasicScane3.unity using Guid(3604c3d567b03403eb0ca5a839353eef) Importer(815301076,1909f56bfc062723c751e8b465ee728b)  -> (artifact id: 'de30980f664eece324fcc03390f291c5') in 0.030832 seconds
  Import took 0.044192 seconds .

========================================================================
Received Import Request.
  Time since last request: 1.735701 seconds.
  path: Assets/BasicScene.unity
  artifactKey: Guid(8e38a7bdfa35d424cb5aedca4b5946d3) Importer(815301076,1909f56bfc062723c751e8b465ee728b)
Start importing Assets/BasicScene.unity using Guid(8e38a7bdfa35d424cb5aedca4b5946d3) Importer(815301076,1909f56bfc062723c751e8b465ee728b)  -> (artifact id: 'a9f9e293d026f3cc0c81fb3d9ed1bb96') in 0.011798 seconds
  Import took 0.014675 seconds .

========================================================================
Received Import Request.
  Time since last request: 2.382161 seconds.
  path: Assets/Swat@walking.fbx
  artifactKey: Guid(535f4f424f4d9c34ca615c5635c1e042) Importer(815301076,1909f56bfc062723c751e8b465ee728b)
Start importing Assets/Swat@walking.fbx using Guid(535f4f424f4d9c34ca615c5635c1e042) Importer(815301076,1909f56bfc062723c751e8b465ee728b)  -> (artifact id: 'b93a3114386eb98d07a4e74a1fef9d84') in 0.029208 seconds
  Import took 0.036127 seconds .

========================================================================
Received Import Request.
  Time since last request: 0.000348 seconds.
  path: Assets/Swat@walking_backwards.fbx
  artifactKey: Guid(eadaad5ee849ba047b4caf6b8fc0f170) Importer(815301076,1909f56bfc062723c751e8b465ee728b)
Start importing Assets/Swat@walking_backwards.fbx using Guid(eadaad5ee849ba047b4caf6b8fc0f170) Importer(815301076,1909f56bfc062723c751e8b465ee728b)  -> (artifact id: '9e28a3e6c45442fde2e7c2a0bc4d25c1') in 0.020498 seconds
  Import took 0.025212 seconds .

========================================================================
Received Prepare
Registering precompiled user dll's ...
Registered in 0.000831 seconds.
Begin MonoManager ReloadAssembly
Native extension for WindowsStandalone target not found
Refreshing native plugins compatible for Editor in 0.33 ms, found 0 plugins.
Preloading 0 native plugins for Editor in 0.00 ms.
Invoked RoslynAnalysisRunner static constructor.
RoslynAnalysisRunner will not be running.
RoslynAnalysisRunner has terminated.
Mono: successfully reloaded assembly
- Completed reload, in  1.367 seconds
Platform modules already initialized, skipping
Refreshing native plugins compatible for Editor in 0.25 ms, found 0 plugins.
Preloading 0 native plugins for Editor in 0.00 ms.
Unloading 1121 Unused Serialized files (Serialized files now loaded: 0)
System memory in use before: 75.8 MB.
System memory in use after: 75.9 MB.

Unloading 5 unused Assets to reduce memory usage. Loaded Objects now: 1627.
Total: 2.428100 ms (FindLiveObjects: 0.155100 ms CreateObjectMapping: 0.047800 ms MarkObjects: 2.115600 ms  DeleteObjects: 0.107400 ms)

========================================================================
Received Prepare
Registering precompiled user dll's ...
Registered in 0.000697 seconds.
Begin MonoManager ReloadAssembly
Native extension for WindowsStandalone target not found
Refreshing native plugins compatible for Editor in 0.34 ms, found 0 plugins.
Preloading 0 native plugins for Editor in 0.00 ms.
Invoked RoslynAnalysisRunner static constructor.
RoslynAnalysisRunner will not be running.
RoslynAnalysisRunner has terminated.
Mono: successfully reloaded assembly
- Completed reload, in  2.047 seconds
Platform modules already initialized, skipping
Refreshing native plugins compatible for Editor in 0.45 ms, found 0 plugins.
Preloading 0 native plugins for Editor in 0.00 ms.
Unloading 1121 Unused Serialized files (Serialized files now loaded: 0)
System memory in use before: 75.8 MB.
System memory in use after: 75.9 MB.

Unloading 5 unused Assets to reduce memory usage. Loaded Objects now: 1630.
Total: 4.644500 ms (FindLiveObjects: 0.459500 ms CreateObjectMapping: 0.183400 ms MarkObjects: 3.870900 ms  DeleteObjects: 0.127500 ms)

